<?xml version="1.0" encoding="UTF-8"?>
<testng-results skipped="0" failed="0" ignored="0" total="0" passed="0">
  <reporter-output>
  </reporter-output>
  <suite name="com.atmecs.DemoBlaze.AppTest" duration-ms="1" started-at="2020-11-27T10:21:44Z" finished-at="2020-11-27T10:21:44Z">
    <groups>
    </groups>
    <test name="Command line test" duration-ms="1" started-at="2020-11-27T10:21:44Z" finished-at="2020-11-27T10:21:44Z">
    </test> <!-- Command line test -->
  </suite> <!-- com.atmecs.DemoBlaze.AppTest -->
</testng-results>
